**URL: https://www.sistic.com.sg/events/cyppae0817
**Image: https://www.sistic.com.sg/sistic/images/events/16426/1493265199316.jpg
**Title: "Roaring Good Times 10" Cross Talk Show 《哄堂10》青年相声专场
**Date: Fri, 4 - Sat, 5 Aug 2017
**Venue: Singapore Chinese Cultural Centre Auditorium
**Category: Theatre
---------------------------------------------------------------------------------
**URL: https://www.sistic.com.sg/events/f12017
**Image: https://www.sistic.com.sg/sistic/images/events/10904/1474959763443.jpg
**Title: 2017 FORMULA 1 SINGAPORE AIRLINES SINGAPORE GRAND PRIX
**Date: 15 September, 16 September, 17 September 2017
**Venue: Marina Bay Street Circuit
**Category: Motor Sport
---------------------------------------------------------------------------------
**URL: https://www.sistic.com.sg/events/sf90617
**Image: https://www.sistic.com.sg/sistic/images/events/11160/1496213081146.jpg
**Title: 2017 SF9 BE MY FANTASY IN SINGAPORE
**Date: Fri, 30 Jun 2017
**Venue: Grand Theatre,
MasterCard Theatres at Marina Bay Sands
**Category: Concert
---------------------------------------------------------------------------------
**URL: https://www.sistic.com.sg/events/cmakers0817
**Image: https://www.sistic.com.sg/sistic/images/events/16422/1493784167101.jpg
**Title: A Celebration of Dreams: John Williams • The Music Makers
**Date: Sat, 12 Aug 2017
**Venue: Esplanade Concert Hall
**Category: Orchestra
---------------------------------------------------------------------------------
**URL: https://www.sistic.com.sg/events/aqua1117
**Image: https://www.sistic.com.sg/sistic/images/events/11152/1497405289252.jpg
**Title: AQUA 20th Anniversary Live in Singapore
**Date: Sat, 25 Nov 2017
**Venue: The Star Theatre
**Category: Concert
---------------------------------------------------------------------------------
**URL: https://www.sistic.com.sg/events/adcove0314
**Image: https://www.sistic.com.sg/sistic/images/events/7960/1472633123189.jpg
**Title: Adventure Cove Waterpark
**Date: Valid till 25 Aug 2017
**Venue: Resorts World Sentosa
**Category: Lifestyle/Leisure
---------------------------------------------------------------------------------
**URL: https://www.sistic.com.sg/events/celectric0717
**Image: https://www.sistic.com.sg/sistic/images/events/16545/1497607190639.jpg
**Title: AmMetLife Electric Run Recharged
**Date: Sat, 29 Jul 2017
**Venue: Anjung Floria, Presint 4, PutraJaya, Malaysia
**Category: Seminar/Workshop
---------------------------------------------------------------------------------
**URL: https://www.sistic.com.sg/events/cxinyao1017
**Image: https://www.sistic.com.sg/sistic/images/events/16564/1496128087110.jpg
**Title: An Evening of Xinyao  新谣之夜
**Date: Sun, 22 Oct 2017
**Venue: Esplanade Concert Hall
**Category: Orchestra
---------------------------------------------------------------------------------
**URL: https://www.sistic.com.sg/events/chome0717
**Image: https://www.sistic.com.sg/sistic/images/events/16346/1491978415685.jpg
**Title: Anderson Junior College Homecoming 2017
**Date: Sat, 29 Jul 2017
**Venue: Anderson Junior College Hall
**Category: Seminar/Workshop
---------------------------------------------------------------------------------
**URL: https://www.sistic.com.sg/events/carmydaze0817
**Image: https://www.sistic.com.sg/sistic/images/events/16321/1493691817785.jpg
**Title: Army Daze 2
**Date: Fri, 4 - Sun, 20 Aug 2017
**Venue: Drama Centre Theatre
**Category: Theatre
---------------------------------------------------------------------------------
**URL: https://www.sistic.com.sg/events/asm2011
**Image: https://www.sistic.com.sg/sistic/images/events/4344/1378971882365.jpg
**Title: ArtScience Museum at Marina Bay Sands®
**Date: Daily
**Venue: ArtScience Museum at Marina Bay Sands
**Category: Lifestyle/Leisure
---------------------------------------------------------------------------------
**URL: https://www.sistic.com.sg/events/cballe0817
**Image: https://www.sistic.com.sg/sistic/images/events/16560/1496199859519.jpg
**Title: BALLERINAS
**Date: Tue, 15 Aug 2017
**Venue: Esplanade Recital Studio
**Category: Concert
---------------------------------------------------------------------------------
**URL: https://www.sistic.com.sg/events/cballet0917
**Image: https://www.sistic.com.sg/sistic/images/events/16094/1496298113725.jpg
**Title: BALLET UNDER THE STARS Presented by Singapore Dance Theatre
**Date: Fri, 1 - Sun, 10 Sep 2017
**Venue: Fort Canning Park, Fort Canning Green
**Category: Dance
---------------------------------------------------------------------------------
**URL: https://www.sistic.com.sg/events/bas0817
**Image: https://www.sistic.com.sg/sistic/images/events/11125/1492572191532.jpg
**Title: BASTILLE - LIVE IN SINGAPORE
**Date: Mon, 14 Aug 2017
**Venue: The Star Theatre
**Category: Concert
---------------------------------------------------------------------------------
**URL: https://www.sistic.com.sg/events/csharma0617
**Image: https://www.sistic.com.sg/sistic/images/events/16181/1485851081734.jpg
**Title: BEING HARESH SHARMA
**Date: Thu, 29 Jun - Sun, 2 Jul 2017
**Venue: Drama Centre Theatre
**Category: Theatre
---------------------------------------------------------------------------------
**URL: https://www.sistic.com.sg/events/heaven1117
**Image: https://www.sistic.com.sg/sistic/images/events/11100/1491555856444.jpg
**Title: Belinda Carlisle The Heaven 30th Anniversary Tour - Singapore
**Date: Sat, 11 Nov 2017
**Venue: The Star Theatre
**Category: Concert
---------------------------------------------------------------------------------
**URL: https://www.sistic.com.sg/events/bishal0917
**Image: https://www.sistic.com.sg/sistic/images/events/11169/1498124530431.jpg
**Title: Bishal Music Festival, Singapore
**Date: Thu, 21 - Sun, 24 Sep 2017
**Venue: Sands Theatre,
Mastercard Theatres at Marina Bay Sands
**Category: Concert
---------------------------------------------------------------------------------
**URL: https://www.sistic.com.sg/events/cboe0717
**Image: https://www.sistic.com.sg/sistic/images/events/16282/1490164459045.jpg
**Title: Boeing Boeing
**Date: Fri, 23 Jun - Sat, 22 Jul 2017
**Venue: Victoria Theatre
**Category: Theatre
---------------------------------------------------------------------------------
**URL: https://www.sistic.com.sg/events/cbound0717
**Image: https://www.sistic.com.sg/sistic/images/events/16544/1495682538897.jpg
**Title: Boundaries 乐界
**Date: Sun, 16 Jul 2017
**Venue: Victoria Concert Hall
**Category: Concert
---------------------------------------------------------------------------------
**URL: https://www.sistic.com.sg/events/caffair0917
**Image: https://www.sistic.com.sg/sistic/images/events/16552/1496642914108.jpg
**Title: Brief Encounters: A Musical Affair
**Date: Sun, 3 Sep 2017
**Venue: Esplanade Concert Hall
**Category: Concert
---------------------------------------------------------------------------------
**URL: https://www.sistic.com.sg/events/chef0717
**Image: https://www.sistic.com.sg/sistic/images/events/11121/1494241674170.jpg
**Title: CHEF: BIBIMBAP VS CHILLI CRAB
**Date: Fri, 9 Jun - Sat, 22 Jul 2017
**Venue: Resorts World™ Theatre, Resorts World Sentosa
**Category: Theatre
---------------------------------------------------------------------------------
**URL: https://www.sistic.com.sg/events/kooza0817
**Image: https://www.sistic.com.sg/sistic/images/events/11066/1486028300170.jpg
**Title: CIRQUE DU SOLEIL KOOZA
**Date: Wed, 12 Jul - Sun, 20 Aug 2017
**Venue: Under the Big Top Tent
Next to Marina Bay Sands
**Category: Family Entertainment
---------------------------------------------------------------------------------
**URL: https://www.sistic.com.sg/events/cswiss2017
**Image: https://www.sistic.com.sg/sistic/images/events/16280/1489476112182.jpg
**Title: Café Swiss (Swissotel The Stamford) - Online Exclusive
**Date: 1 June 2017 - 31 July 2017
**Venue: Café Swiss (Swissotel The Stamford)
**Category: Food &amp; Beverage
---------------------------------------------------------------------------------
**URL: https://www.sistic.com.sg/events/caiqin0717
**Image: https://www.sistic.com.sg/sistic/images/events/11145/1495591009240.jpg
**Title: Cai Qin Singapore Concert 2017  蔡琴《百万精华》新加坡演唱会 2017
**Date: Sat, 26 Aug 2017
**Venue: The Star Theatre
**Category: Concert
---------------------------------------------------------------------------------
**URL: https://www.sistic.com.sg/events/cescape2016aa
**Image: https://www.sistic.com.sg/sistic/images/events/15740/1479202159183.jpg
**Title: Captivate Escape Rooms Singapore
**Date: 90 days validity from date of purchase
**Venue: Singapore Shopping Centre, #06-28
**Category: Lifestyle/Leisure
---------------------------------------------------------------------------------
**URL: https://www.sistic.com.sg/events/ccele0717
**Image: https://www.sistic.com.sg/sistic/images/events/16078/1490763333369.jpg
**Title: Celebration in Dance Presented by Singapore Dance Theatre
**Date: Sun, 9 Jul 2017
**Venue: Esplanade Theatre
**Category: Dance
---------------------------------------------------------------------------------
**URL: https://www.sistic.com.sg/events/cjourney0717
**Image: https://www.sistic.com.sg/sistic/images/events/16413/1492586946336.jpg
**Title: Children Drama "Journey to the West - Journey to Heaven" in Mandarin, 儿童剧 "西游记之孙悟空大闹天宫"
**Date: Sat, 1 - Sun, 2 Jul 2017
**Venue: SOTA Drama Theatre
**Category: Theatre
---------------------------------------------------------------------------------
**URL: https://www.sistic.com.sg/events/crabbit0717
**Image: https://www.sistic.com.sg/sistic/images/events/16563/1496125979079.jpg
**Title: Children Drama "The Little White Rabbit" in Mandarin,   儿童剧 “小白兔“
**Date: Sat, 29 Jul 2017
**Venue: SOTA Drama Theatre
**Category: Theatre
---------------------------------------------------------------------------------
**URL: https://www.sistic.com.sg/events/cccm0717
**Image: https://www.sistic.com.sg/sistic/images/events/16326/1490854665015.jpg
**Title: Chinese Chamber Music   A Bigger Bang —  A Percussion Recital   华族室内乐：聚击汇
**Date: Sat, 8 Jul 2017
**Venue: Esplanade Recital Studio
**Category: Concert
---------------------------------------------------------------------------------
**URL: https://www.sistic.com.sg/events/chongf0717
**Image: https://www.sistic.com.sg/sistic/images/events/11097/1493001129464.jpg
**Title: Chong Feng 15 Concert  重逢15伍思凯''最爱是你''演唱会
**Date: Sat, 29 Jul 2017
**Venue: The Star Theatre
**Category: Concert
---------------------------------------------------------------------------------
**URL: https://www.sistic.com.sg/events/ccoffee0717
**Image: https://www.sistic.com.sg/sistic/images/events/16419/1493090898248.jpg
**Title: Coffee Morning &amp; Afternoon Tea   Best of the "B”s   The Beatles, Bee Gees &amp; The Beach Boys
**Date: Mon, 10 Jul 2017
**Venue: Esplanade Recital Studio
**Category: Concert
---------------------------------------------------------------------------------
**URL: https://www.sistic.com.sg/events/ccoffee0817
**Image: https://www.sistic.com.sg/sistic/images/events/16576/1496304410899.jpg
**Title: Coffee Morning &amp; Afternoon Tea   Songs from Chinese Classic Films   咖啡早晨与下午茶：早期中国电影歌曲
**Date: Mon, 7 Aug 2017
**Venue: Esplanade Recital Studio
**Category: Concert
---------------------------------------------------------------------------------
**URL: https://www.sistic.com.sg/events/ctots1017
**Image: https://www.sistic.com.sg/sistic/images/events/16566/1495772070809.jpg
**Title: Concert for Little Tots - Tales and Legends  小豆豆音乐会 - 童话与传说
**Date: Sat, 7 Oct 2017
**Venue: Singapore Chinese Cultural Centre Auditorium
**Category: Orchestra
---------------------------------------------------------------------------------
**URL: https://www.sistic.com.sg/events/cosent0817
**Image: https://www.sistic.com.sg/sistic/images/events/11130/1498038633244.jpg
**Title: Cosentino: Anything Is Possible
**Date: Thu, 17 - Sun, 27 Aug 2017
**Venue: Sands Theatre,
Mastercard Theatres at Marina Bay Sands
**Category: Theatre
---------------------------------------------------------------------------------
**URL: https://www.sistic.com.sg/events/cper2016
**Image: https://www.sistic.com.sg/sistic/images/events/15624/1463639399520.jpg
**Title: Couple's Perfume Workshop
**Date: Thu, 25 May - Sun, 30 Jul 2017
**Venue: 90 Goodman Road, Goodman Arts Center, Block O, 01-57
**Category: Seminar/Workshop
---------------------------------------------------------------------------------
**URL: https://www.sistic.com.sg/events/cmoon0917
**Image: https://www.sistic.com.sg/sistic/images/events/16578/1496311213947.jpg
**Title: DAVID WALLIAMS PRESENTS THE FIRST HIPPO ON THE MOON
**Date: Fri, 22 - Sun, 24 Sep 2017
**Venue: SOTA Drama Theatre
**Category: Theatre
---------------------------------------------------------------------------------
**URL: https://www.sistic.com.sg/events/csnyo1707181930
**Image: https://www.sistic.com.sg/sistic/images/events/16425/1496286988318.jpg
**Title: DAWN AND STORM: SNYO IN CONCERT
**Date: Tue, 18 Jul 2017
**Venue: Esplanade Concert Hall
**Category: Orchestra
---------------------------------------------------------------------------------
**URL: https://www.sistic.com.sg/events/cdrum0817
**Image: https://www.sistic.com.sg/sistic/images/events/16408/1492497443651.jpg
**Title: DRUM TAO 2017 'BUKYO'
**Date: Thu, 31 Aug - Sat, 2 Sep 2017
**Venue: MES Theatre at Mediacorp, 1 Stars Avenue, Singapore 138507
**Category: Theatre
---------------------------------------------------------------------------------
**URL: https://www.sistic.com.sg/events/ctunes0817
**Image: https://www.sistic.com.sg/sistic/images/events/16433/1493696361401.jpg
**Title: Ding Yi Chinese Chamber Music Festival 2017   Between the Weaving Tunes   鼎艺华乐室内乐节2017 之《经纬织间》
**Date: Sun, 6 Aug 2017
**Venue: Esplanade Recital Studio
**Category: Concert
---------------------------------------------------------------------------------
**URL: https://www.sistic.com.sg/events/canni0817
**Image: https://www.sistic.com.sg/sistic/images/events/16434/1493696682562.jpg
**Title: Ding Yi Chinese Chamber Music Festival 2017   Ding Yi's 10th Anniversary Concert   鼎艺华乐室内乐节 2017《寒窗十年，名曲十部·鼎艺十周年音乐会》
**Date: Sat, 5 Aug 2017
**Venue: Esplanade Recital Studio
**Category: Concert
---------------------------------------------------------------------------------
**URL: https://www.sistic.com.sg/events/cshanghai0817
**Image: https://www.sistic.com.sg/sistic/images/events/16435/1496886185735.jpg
**Title: Ding Yi Chinese Chamber Music Festival 2017   Glimpse of Shanghai   鼎艺华乐室内乐节2017 之《海派的味道》
**Date: Sun, 6 Aug 2017
**Venue: Esplanade Recital Studio
**Category: Concert
---------------------------------------------------------------------------------
**URL: https://www.sistic.com.sg/events/cmodern0817
**Image: https://www.sistic.com.sg/sistic/images/events/16436/1493696609352.jpg
**Title: Ding Yi Chinese Chamber Music Festival 2017   Modern Impressions   鼎艺华乐室内乐节2017 之《乐蜀清风》
**Date: Tue, 8 Aug 2017
**Venue: Esplanade Recital Studio
**Category: Concert
---------------------------------------------------------------------------------
**URL: https://www.sistic.com.sg/events/cdingyi0817
**Image: https://www.sistic.com.sg/sistic/images/events/16354/1491572652652.jpg
**Title: Ding Yi Special 10th Anniversary Season Pass 鼎艺团十周年乐季特票
**Date: 4 August - 3 December 2017
**Venue: Various Venues
**Category: Concert
---------------------------------------------------------------------------------
**URL: https://www.sistic.com.sg/events/cdinner0217
**Image: https://www.sistic.com.sg/sistic/images/events/16160/1484639425478.jpg
**Title: Dinner with Friends by Donald Margulies - Presented by Desert Wine's Comfort Theatre:  The Off Central Performances
**Date: Sat, 5 - Sun, 6 Aug 2017
**Venue: Grassroots' Club Auditorium

190 Ang Mo Kio Ave 8

Ang Mo Kio, Singapore
(Next to Yio Chu Kang MRT)
**Category: Theatre
---------------------------------------------------------------------------------
**URL: https://www.sistic.com.sg/events/disney0717
**Image: https://www.sistic.com.sg/sistic/images/events/11099/1491457384449.jpg
**Title: Disney in Concert: A Dream is a Wish
**Date: Fri, 14 - Sat, 15 Jul 2017
**Venue: Grand Theatre,
Mastercard Theatres at Marina Bay Sands
**Category: Family Entertainment
---------------------------------------------------------------------------------
**URL: https://www.sistic.com.sg/events/dwff2017
**Image: https://www.sistic.com.sg/sistic/images/events/11143/1494149216354.jpg
**Title: Distant Worlds: music from FINAL FANTASY - JIRITSU
**Date: Sat, 21 Oct 2017
**Venue: The Star Theatre
**Category: Orchestra
---------------------------------------------------------------------------------
**URL: https://www.sistic.com.sg/events/abbey0817
**Image: https://www.sistic.com.sg/sistic/images/events/11162/1496643545927.jpg
**Title: Downton Abbey : The Exhibition
**Date: Sat, 17 Jun - Mon, 31 Jul 2017
**Venue: Basement 2 Hall F, Sands Expo And Convention Centre
at Marina Bay Sands
**Category: MICE
---------------------------------------------------------------------------------
**URL: https://www.sistic.com.sg/events/epi0817
**Image: https://www.sistic.com.sg/sistic/images/events/11155/1496132052192.jpg
**Title: Epicurean Market 2017
**Date: Fri, 11 Aug - Sun, 13 Aug 2017
**Venue: Hall A - C, Sands Expo And Convention Centre
at Marina Bay Sands
**Category: Food &amp; Beverage
---------------------------------------------------------------------------------
**URL: https://www.sistic.com.sg/events/cequi2017
**Image: https://www.sistic.com.sg/sistic/images/events/16295/1490065253535.jpg
**Title: Equinox Special 5 Course Dinner - Online Exclusive
**Date: 1 June 2017 - 31 July 2017
**Venue: EQUINOX RESTAURANT (Swissotel The Stamford)
**Category: Food &amp; Beverage
---------------------------------------------------------------------------------
**URL: https://www.sistic.com.sg/events/ceric0717
**Image: https://www.sistic.com.sg/sistic/images/events/16460/1494485653980.jpg
**Title: Eric Nam 1st Live in Singapore
**Date: Sun, 30 Jul 2017
**Venue: MES Theatre at Mediacorp,
1 Stars Avenue, Singapore 138507
**Category: Concert
---------------------------------------------------------------------------------
**URL: https://www.sistic.com.sg/events/ceric1117
**Image: https://www.sistic.com.sg/sistic/images/events/16569/1496041932774.jpg
**Title: Eric Watson’s World of Chinese Music  埃里克·沃森的华乐世界
**Date: Fri, 3 Nov 2017
**Venue: Singapore Chinese Cultural Centre Auditorium
**Category: Orchestra
---------------------------------------------------------------------------------
**URL: https://www.sistic.com.sg/events/cvipul0717
**Image: https://www.sistic.com.sg/sistic/images/events/16577/1496740087007.jpg
**Title: Evam presents Humorously Yours, by Vipul Goyal
**Date: Sat, 15 Jul 2017
**Venue: SOTA Studio Theatre
**Category: Theatre
---------------------------------------------------------------------------------
**URL: https://www.sistic.com.sg/events/cflow0617
**Image: https://www.sistic.com.sg/sistic/images/events/16184/1486455373193.jpg
**Title: FLOW - A DJ's Story of KoFlow
**Date: Fri, 30 Jun 2017
**Venue: Esplanade Concert Hall
**Category: Concert
---------------------------------------------------------------------------------
**URL: https://www.sistic.com.sg/events/crazy1017
**Image: https://www.sistic.com.sg/sistic/images/events/11122/1498730806568.jpg
**Title: FOREVER CRAZY - CRAZY HORSE PARIS
**Date: Wed, 11 - Sun, 29 Oct 2017
**Venue: Grand Theatre,
Mastercard Theatres at Marina Bay Sands
**Category: Musical
---------------------------------------------------------------------------------
**URL: https://www.sistic.com.sg/events/cfrago0717
**Image: https://www.sistic.com.sg/sistic/images/events/16406/1496289379941.jpg
**Title: FRAGO
**Date: Thu, 13 - Sun, 23 Jul 2017
**Venue: Drama Centre Black Box
**Category: Theatre
---------------------------------------------------------------------------------
**URL: https://www.sistic.com.sg/events/cflight0717
**Image: https://www.sistic.com.sg/sistic/images/events/16404/1494814189083.jpg
**Title: Flight - SLO Children's Concert
**Date: Fri, 14 Jul 2017
**Venue: Victoria Concert Hall
**Category: Concert
---------------------------------------------------------------------------------
**URL: https://www.sistic.com.sg/events/cempress0817
**Image: https://www.sistic.com.sg/sistic/images/events/16176/1485266777636.jpg
**Title: Forbidden City - Portrait of an Empress
**Date: Tue, 8 - Sun, 27 Aug 2017
**Venue: Esplanade Theatre
**Category: Musical
---------------------------------------------------------------------------------
**URL: https://www.sistic.com.sg/events/cvibes0817
**Image: https://www.sistic.com.sg/sistic/images/events/16304/1495164907148.jpg
**Title: GOOD VIBES FESTIVAL 2017
**Date: Sat, 12 Aug 2017
**Venue: The Ranch
Gohtong Jaya, 69000, Genting Highlands, Pahang Darul Makmur, Malaysia
**Category: Concert
---------------------------------------------------------------------------------
**URL: https://www.sistic.com.sg/events/cilu1117
**Image: https://www.sistic.com.sg/sistic/images/events/16458/1494463572514.jpg
**Title: GUESS HOW MUCH I LOVE YOU
**Date: Fri, 17 - Sun, 19 Nov 2017
**Venue: SOTA Drama Theatre
**Category: Theatre
---------------------------------------------------------------------------------
**URL: https://www.sistic.com.sg/events/cgala0717
**Image: https://www.sistic.com.sg/sistic/images/events/16565/1496041526195.jpg
**Title: Gala: Sun Yingdi &amp; Chelsea Chen Keyboard Extravaganza  孙颖迪和陳巧喜双琴汇音乐盛宴
**Date: Sat, 8 Jul 2017
**Venue: Esplanade Concert Hall
**Category: Orchestra
---------------------------------------------------------------------------------
**URL: https://www.sistic.com.sg/events/csnyo1708131600
**Image: https://www.sistic.com.sg/sistic/images/events/16606/1498102796622.jpg
**Title: Guangzhou Symphony Youth Orchestra 广州青年交响乐团
**Date: Sun, 13 Aug 2017
**Venue: Victoria Concert Hall
**Category: Orchestra
---------------------------------------------------------------------------------
**URL: https://www.sistic.com.sg/events/harry0717
**Image: https://www.sistic.com.sg/sistic/images/events/16340/1493085052134.jpg
**Title: HARRY POTTER AND THE PHILOSOPHER’S STONE in CONCERT
**Date: Sat, 1 - Sun, 2 Jul 2017
**Venue: Esplanade Concert Hall
**Category: Concert
---------------------------------------------------------------------------------
**URL: https://www.sistic.com.sg/events/chearty0717
**Image: https://www.sistic.com.sg/sistic/images/events/16540/1495530047074.jpg
**Title: HEARTiculation 《抒心舞意》
**Date: Fri, 21 - Sat, 22 Jul 2017
**Venue: SOTA Drama Theatre
**Category: Dance
---------------------------------------------------------------------------------
**URL: https://www.sistic.com.sg/events/kitty2014
**Image: https://www.sistic.com.sg/sistic/images/events/15011/1404436773830.jpg
**Title: Hello Kitty Town
**Date: Wed, 21 Jun - Mon, 31 Jul 2017
**Venue: Nusajaya, Johor, Malaysia
Pick-up Point: Singapore Flyer
 
**Category: Lifestyle/Leisure
---------------------------------------------------------------------------------
**URL: https://www.sistic.com.sg/events/hi51217
**Image: https://www.sistic.com.sg/sistic/images/events/11149/1498098383644.jpg
**Title: Hi-5 Supers
**Date: Fri, 15 - Sun, 17 Dec 2017
**Venue: Sands Theatre,
Mastercard Theatres at Marina Bay Sands
**Category: Theatre
---------------------------------------------------------------------------------
**URL: https://www.sistic.com.sg/events/chits1217
**Image: https://www.sistic.com.sg/sistic/images/events/16570/1496127030822.jpg
**Title: Hits of Chinese Music I: Woodwinds  华乐发烧友（一）：吹管篇
**Date: Fri, 8 - Sat, 9 Dec 2017
**Venue: Singapore Chinese Cultural Centre Auditorium
**Category: Orchestra
---------------------------------------------------------------------------------
**URL: https://www.sistic.com.sg/events/chuman0917
**Image: https://www.sistic.com.sg/sistic/images/events/16506/1496135335973.jpg
**Title: Human+ | Written &amp; Directed by Khairul Kamsani
**Date: Wed, 30 Aug - Sun, 3 Sep 2017
**Venue: KC Arts Centre - Home of SRT
**Category: Theatre
---------------------------------------------------------------------------------
**URL: https://www.sistic.com.sg/events/ceco0617
**Image: https://www.sistic.com.sg/sistic/images/events/16608/1498114610376.jpg
**Title: Imaginarium: To the Ends of the Earth  Eco-Living Series: DIY Natural Cleaning with Eco Enzyme
**Date: Sat, 22 Jul 2017
**Venue: Workshop Space, Level 2, SAM at 8Q, 8 Queen Street
 
**Category: Seminar/Workshop
---------------------------------------------------------------------------------
**URL: https://www.sistic.com.sg/events/cnanmu0717
**Image: https://www.sistic.com.sg/sistic/images/events/16609/1498543363196.jpg
**Title: Imaginarium: To the Ends of the Earth  Storytelling Session with Artist Nandita Mukand
**Date: Sat, 15 Jul - Sat, 26 Aug 2017
**Venue: SAM at 8Q, Level 3 Gallery, 8 Queen Street
 
**Category: Seminar/Workshop
---------------------------------------------------------------------------------
**URL: https://www.sistic.com.sg/events/jump1017
**Image: https://www.sistic.com.sg/sistic/images/events/11165/1496740860569.jpg
**Title: JUMP
**Date: Fri, 6 - Sun, 8 Oct 2017
**Venue: Resorts World™ Theatre, Resorts World Sentosa
**Category: Musical
---------------------------------------------------------------------------------
**URL: https://www.sistic.com.sg/events/cjazz0717
**Image: https://www.sistic.com.sg/sistic/images/events/16505/1496716118686.jpg
**Title: Jazz the Beatles   Jeremy Monteiro, With a Little Help from My Friends
**Date: Wed, 12 - Thu, 13 Jul 2017
**Venue: Esplanade Recital Studio
**Category: Concert
---------------------------------------------------------------------------------
**URL: https://www.sistic.com.sg/events/cacmjk2017
**Image: https://www.sistic.com.sg/sistic/images/events/16415/1492596614538.jpg
**Title: Joseon Korea Court Treasures and City Life
**Date: Sat, 22 Apr - Sun, 23 Jul 2017
**Venue: Asian Civilisations Museum
**Category: Lifestyle/Leisure
---------------------------------------------------------------------------------
**URL: https://www.sistic.com.sg/events/cwest0717
**Image: https://www.sistic.com.sg/sistic/images/events/16313/1491186571062.jpg
**Title: Journey to the West 西游记
**Date: Sun, 9 Jul 2017
**Venue: China Cultural Centre Theatre - Level 4
217 Queen Street, S¹188548.
**Category: Theatre
---------------------------------------------------------------------------------
**URL: https://www.sistic.com.sg/events/cklive2017
**Image: https://www.sistic.com.sg/sistic/images/events/15425/1482289981514.jpg
**Title: K - Live Sentosa K - POP Hologram Theatre
**Date: Thu, 1 Jun - Mon, 31 Jul 2017
**Venue: K-Live Sentosa
**Category: Lifestyle/Leisure
---------------------------------------------------------------------------------
**URL: https://www.sistic.com.sg/events/cmungka0817
**Image: https://www.sistic.com.sg/sistic/images/events/16592/1497506228025.jpg
**Title: KAIN CHIK DUA MUNGKA (DOUBLE-FACED)
**Date: Fri, 25 - Sat, 26 Aug 2017
**Venue: Drama Centre Theatre
**Category: Family Entertainment
---------------------------------------------------------------------------------
**URL: https://www.sistic.com.sg/events/ckenny0817
**Image: https://www.sistic.com.sg/sistic/images/events/16533/1496224665080.jpg
**Title: Kenny Sebastian Live
**Date: Thu, 17 - Fri, 18 Aug 2017
**Venue: Nexus Auditorium
**Category: Theatre
---------------------------------------------------------------------------------
**URL: https://www.sistic.com.sg/events/ckids1617
**Image: https://www.sistic.com.sg/sistic/images/events/16045/1479949444821.jpg
**Title: KidsSTOP
**Date: Thu, 1 Jun - Sun, 30 Jul 2017
**Venue: KidsSTOP
**Category: Lifestyle/Leisure
---------------------------------------------------------------------------------
**URL: https://www.sistic.com.sg/events/drama0717
**Image: https://www.sistic.com.sg/sistic/images/events/11081/1489577631971.jpg
**Title: King of Songs vs Queen of Drama Concert  台湾歌坛天王VS 戏剧天后演唱会
**Date: Sun, 30 Jul 2017
**Venue: Resorts World™ Theatre, Resorts World Sentosa
**Category: Concert
---------------------------------------------------------------------------------
**URL: https://www.sistic.com.sg/events/cpopp0717
**Image: https://www.sistic.com.sg/sistic/images/events/16450/1493975798435.jpg
**Title: L'incoronazione di Poppea
**Date: Sat, 29 - Sun, 30 Jul 2017
**Venue: Victoria Theatre
**Category: Concert
---------------------------------------------------------------------------------
**URL: https://www.sistic.com.sg/events/lkc2015
**Image: https://www.sistic.com.sg/sistic/images/events/15182/1495431582585.jpg
**Title: Lee Kong Chian Natural History Museum
**Date: Opens on all Tuesdays to Sundays
**Venue: Lee Kong Chian Natural History Museum
National University of Singapore
2 Conservatory Drive, Singapore 117377
**Category: Lifestyle/Leisure
---------------------------------------------------------------------------------
**URL: https://www.sistic.com.sg/events/legoland2014
**Image: https://www.sistic.com.sg/sistic/images/events/15010/1406771983820.jpg
**Title: Legoland Malaysia
**Date: Wed, 21 Jun - Mon, 31 Jul 2017
**Venue: Nusajaya, Johor, Malaysia
Pick-up Point: Singapore Flyer
 
**Category: Lifestyle/Leisure
---------------------------------------------------------------------------------
**URL: https://www.sistic.com.sg/events/waterpark2014
**Image: https://www.sistic.com.sg/sistic/images/events/15009/1406772170805.jpg
**Title: Legoland Water Park Malaysia
**Date: Wed, 21 Jun - Mon, 31 Jul 2017
**Venue: Nusajaya, Johor, Malaysia
Pick-up Point: Singapore Flyer
 
**Category: Lifestyle/Leisure
---------------------------------------------------------------------------------
**URL: https://www.sistic.com.sg/events/clilian0717
**Image: https://www.sistic.com.sg/sistic/images/events/16236/1487927660929.jpg
**Title: Lillian Too's Spiritual Feng Shui 2017
**Date: Sun, 9 Jul 2017
**Venue: Marina Mandarin Ballroom, Marina Mandarin Hotel Singapore
**Category: Seminar/Workshop
---------------------------------------------------------------------------------
**URL: https://www.sistic.com.sg/events/ccch0717
**Image: https://www.sistic.com.sg/sistic/images/events/16411/1492597831572.jpg
**Title: Limelight 2017 Chung Cheng High School Choir
**Date: Tue, 4 Jul 2017
**Venue: Esplanade Concert Hall
**Category: Concert
---------------------------------------------------------------------------------
**URL: https://www.sistic.com.sg/events/cess0717
**Image: https://www.sistic.com.sg/sistic/images/events/16409/1492597326419.jpg
**Title: Limelight 2017 East Spring Secondary School Choir
**Date: Thu, 6 Jul 2017
**Venue: Esplanade Concert Hall
**Category: Concert
---------------------------------------------------------------------------------
**URL: https://www.sistic.com.sg/events/cxms0817
**Image: https://www.sistic.com.sg/sistic/images/events/16410/1492597665173.jpg
**Title: Limelight 2017 Xinmin Secondary School Choir
**Date: Mon, 21 Aug 2017
**Venue: Esplanade Concert Hall
**Category: Concert
---------------------------------------------------------------------------------
**URL: https://www.sistic.com.sg/events/cyys0717
**Image: https://www.sistic.com.sg/sistic/images/events/16412/1493364574768.jpg
**Title: Limelight 2017 Yuying Secondary School Concert Band
**Date: Wed, 5 Jul 2017
**Venue: Esplanade Concert Hall
**Category: Concert
---------------------------------------------------------------------------------
**URL: https://www.sistic.com.sg/events/Little2014
**Image: https://www.sistic.com.sg/sistic/images/events/15012/1404440003714.jpg
**Title: Little Big Club
**Date: Wed, 21 Jun - Mon, 31 Jul 2017
**Venue: Nusajaya, Johor, Malaysia
Pick-up Point: Singapore Flyer
 
**Category: Lifestyle/Leisure
---------------------------------------------------------------------------------
**URL: https://www.sistic.com.sg/events/cjuke0917
**Image: https://www.sistic.com.sg/sistic/images/events/16442/1495175221620.jpg
**Title: Live Jukebox! by More than Music
**Date: Fri, 8 Sep 2017
**Venue: Esplanade Recital Studio
**Category: Concert
---------------------------------------------------------------------------------
**URL: https://www.sistic.com.sg/events/cm1ctf2017e
**Image: https://www.sistic.com.sg/sistic/images/events/16303/1491273767793.jpg
**Title: M1 CHINESE THEATRE FESTIVAL “M1 华文小剧场节”   1 Table 2 Chairs Experimental Series 《一桌二椅实验系列》
**Date: Fri, 25 - Sun, 27 Aug 2017
**Venue: 实践排练室 Rehearsal Studio, The Theatre Practice
54 Waterloo Street S187953
**Category: Theatre
---------------------------------------------------------------------------------
**URL: https://www.sistic.com.sg/events/cm1ctf2017c
**Image: https://www.sistic.com.sg/sistic/images/events/16301/1493719885310.jpg
**Title: M1 CHINESE THEATRE FESTIVAL “M1 华文小剧场节”   Blank Run 《空转》
**Date: Thu, 17 - Sun, 20 Aug 2017
**Venue: 实践空间 Practice Space
(54 Waterloo Street S187953)
**Category: Theatre
---------------------------------------------------------------------------------
**URL: https://www.sistic.com.sg/events/cm1ctf2017d
**Image: https://www.sistic.com.sg/sistic/images/events/16302/1491274100195.jpg
**Title: M1 CHINESE THEATRE FESTIVAL “M1 华文小剧场节”   Lu Xun Blossoms《鲁镇往事》
**Date: Thu, 24 - Sun, 27 Aug 2017
**Venue: 实践空间 Practice Space
(54 Waterloo Street S187953)
**Category: Theatre
---------------------------------------------------------------------------------
**URL: https://www.sistic.com.sg/events/cm1ctf2017
**Image: https://www.sistic.com.sg/sistic/images/events/16289/1491274853417.jpg
**Title: M1 CHINESE THEATRE FESTIVAL “M1 华文小剧场节”   The Little Child《男孩》
**Date: Wed, 16 - Sun, 20 Aug 2017
**Venue: 42新剧中心黑箱剧场Black Box @ Centre 42
(42 Waterloo Street S187951)
**Category: Theatre
---------------------------------------------------------------------------------
**URL: https://www.sistic.com.sg/events/cm1ctf2017a
**Image: https://www.sistic.com.sg/sistic/images/events/16299/1491274745565.jpg
**Title: M1 CHINESE THEATRE FESTIVAL “M1 华文小剧场节”   The Seven Silences: Anger 《七种静默：忿怒》
**Date: Thu, 10 - Sun, 13 Aug 2017
**Venue: 42新剧中心黑箱剧场Black Box @ Centre 42
(42 Waterloo Street S187951)

 
**Category: Theatre
---------------------------------------------------------------------------------
**URL: https://www.sistic.com.sg/events/cm1ctf2017b
**Image: https://www.sistic.com.sg/sistic/images/events/16300/1491274581598.jpg
**Title: M1 CHINESE THEATRE FESTIVAL “M1 华文小剧场节”   The wee Question Mark and the Nameless - A Family Musical《小问号和没名字》亲子音乐剧
**Date: Thu, 3 - Sun, 13 Aug 2017
**Venue: 实践空间 Practice Space
(54 Waterloo Street S187953)
**Category: Theatre
---------------------------------------------------------------------------------
**URL: https://www.sistic.com.sg/events/ccontact2017b
**Image: https://www.sistic.com.sg/sistic/images/events/16192/1488537781252.jpg
**Title: M1 CONTACT Contemporary Dance Festival 2017   Binary - International Artists Showcase
**Date: Thu, 29 - Fri, 30 Jun 2017
**Venue: Esplanade Theatre Studio
**Category: Dance
---------------------------------------------------------------------------------
**URL: https://www.sistic.com.sg/events/ccontact2017d
**Image: https://www.sistic.com.sg/sistic/images/events/16256/1489141337310.jpg
**Title: M1 CONTACT Contemporary Dance Festival 2017   Technique Classes
**Date: Sat, 3 Jun - Sun, 2 Jul 2017
**Venue: T.H.E Studio
Goodman Art Centre Blk M, #01-54
Dance Nucleus
Goodman Art Centre Blk M, #02-53
**Category: Dance
---------------------------------------------------------------------------------
**URL: https://www.sistic.com.sg/events/ccontact2017g
**Image: https://www.sistic.com.sg/sistic/images/events/16259/1488539219765.jpg
**Title: M1 CONTACT Contemporary Dance Festival 2017   Workshop with Dimo Kirilov (Spain) &amp; Tamako Akiyama (Japan/Spain)
**Date: Wed 5 Jul - Fri 7 Jul 2017, 10am - 2pm
**Venue: T.H.E Studio
Goodman Art Centre Blk M #01-54
**Category: Dance
---------------------------------------------------------------------------------
**URL: https://www.sistic.com.sg/events/cbill0817
**Image: https://www.sistic.com.sg/sistic/images/events/16222/1487830745877.jpg
**Title: M1 Peer Pleasure Youth Theatre Festival 2017   Presented by ArtsWok Collaborative   In Collaboration with Esplanade - Theatres on the Bay   Triple Bill
**Date: Tue, 1 - Fri, 4 Aug 2017
**Venue: Esplanade Recital Studio
**Category: Theatre
---------------------------------------------------------------------------------
**URL: https://www.sistic.com.sg/events/cwithout0817
**Image: https://www.sistic.com.sg/sistic/images/events/16220/1487667752581.jpg
**Title: M1 Peer Pleasure Youth Theatre Festival 2017 In Collaboration with Esplanade - Theatres on the Bay Without Reason
**Date: Wed, 2 - Fri, 4 Aug 2017
**Venue: Esplanade Theatre Studio
**Category: Theatre
---------------------------------------------------------------------------------
**URL: https://www.sistic.com.sg/events/cgala1217
**Image: https://www.sistic.com.sg/sistic/images/events/16593/1497498819672.jpg
**Title: MELVYN TAN GALA CONCERT
**Date: Wed, 27 Dec 2017
**Venue: Esplanade Concert Hall
**Category: Concert
---------------------------------------------------------------------------------
**URL: https://www.sistic.com.sg/events/great0817
**Image: https://www.sistic.com.sg/sistic/images/events/11137/1496132854618.jpg
**Title: MIDNIGHT OIL THE GREAT CIRCLE 2017 LIVE IN SINGAPORE ONLY STOP IN SOUTHEAST ASIA!
**Date: Wed, 16 Aug 2017
**Venue: The Star Theatre
**Category: Concert
---------------------------------------------------------------------------------
**URL: https://www.sistic.com.sg/events/tuss2014
**Image: https://www.sistic.com.sg/sistic/images/events/8741/1411353607918.jpg
**Title: Madame Tussauds Singapore Full Experience
**Date: 30 days validity from date of purchase
**Venue: Madame Tussauds Singapore
40, Imbiah Road, Imbiah Lookout 
Sentosa, Singapore 099700
**Category: Lifestyle/Leisure
---------------------------------------------------------------------------------
**URL: https://www.sistic.com.sg/events/cmaster0717
**Image: https://www.sistic.com.sg/sistic/images/events/16085/1490764058955.jpg
**Title: Masterpiece In Motion Presented by Singapore Dance Theatre
**Date: Fri, 7 - Sat, 8 Jul 2017
**Venue: Esplanade Theatre
**Category: Dance
---------------------------------------------------------------------------------
**URL: https://www.sistic.com.sg/events/cmegazip2015
**Image: https://www.sistic.com.sg/sistic/images/events/15232/1432700370516.jpg
**Title: MegaZip Adventure Park
**Date: Fri, 31 Jul 2015-Fri, 30 Jun 2017
**Venue: Sentosa Island
**Category: Lifestyle/Leisure
---------------------------------------------------------------------------------
**URL: https://www.sistic.com.sg/events/ccomedy0717
**Image: https://www.sistic.com.sg/sistic/images/events/16558/1497603394414.jpg
**Title: Melbourne International Comedy Festival Roadshow 2017 (R18)
**Date: Thu, 13 - Sat, 15 Jul 2017
**Venue: KC Arts Centre - Home of SRT
**Category: Theatre
---------------------------------------------------------------------------------
**URL: https://www.sistic.com.sg/events/cchoir1017
**Image: https://www.sistic.com.sg/sistic/images/events/16438/1493867233258.jpg
**Title: Messa di Gloria by Giacomo Puccini. Performed by Nidarosdomens Guttekor and re:SOUND Chamber Orchestra
**Date: Fri, 20 - Sat, 21 Oct 2017
**Venue: Esplanade Concert Hall
**Category: Concert
---------------------------------------------------------------------------------
**URL: https://www.sistic.com.sg/events/mich1117
**Image: https://www.sistic.com.sg/sistic/images/events/11148/1494583757842.jpg
**Title: Michael McIntyre - Big World Tour
**Date: Wed, 29 Nov 2017
**Venue: The Star Theatre
**Category: Theatre
---------------------------------------------------------------------------------
**URL: https://www.sistic.com.sg/events/mint2014
**Image: https://www.sistic.com.sg/sistic/images/events/15028/1407117258078.jpg
**Title: Mint Museum of Toys
**Date: Sun, 30 Apr - Mon, 31 Jul 2017
**Venue: Mint Museum of Toys
 
**Category: Lifestyle/Leisure
---------------------------------------------------------------------------------
**URL: https://www.sistic.com.sg/events/cmusic0917
**Image: https://www.sistic.com.sg/sistic/images/events/16581/1496400847361.jpg
**Title: Musical Frontiers 乐无垠
**Date: Sun, 3 Sep 2017
**Venue: Esplanade Recital Studio
 
**Category: Concert
---------------------------------------------------------------------------------
**URL: https://www.sistic.com.sg/events/natgeo0817
**Image: https://www.sistic.com.sg/sistic/images/events/11164/1496740916220.jpg
**Title: Nat Geo Live: Celebrating The End of Food Waste
**Date: Sun, 20 Aug 2017
**Venue: Grand Theatre,
MasterCard Theatres at Marina Bay Sands
**Category: Family Entertainment
---------------------------------------------------------------------------------
**URL: https://www.sistic.com.sg/events/cngsykapp2017
**Image: https://www.sistic.com.sg/sistic/images/events/16535/1495512528312.jpg
**Title: National Gallery Singapore - All Access Pass (General Admission and YAYOI KUSAMA: Life is the Heart of a Rainbow)
**Date: Fri, 9 Jun - Sun, 3 Sep 2017
**Venue: National Gallery Singapore
Singtel Special Exhibition Gallery (City Hall Wing Level 3)
**Category: Lifestyle/Leisure
---------------------------------------------------------------------------------
**URL: https://www.sistic.com.sg/events/cngsct2017a
**Image: https://www.sistic.com.sg/sistic/images/events/16260/1488535605641.jpg
**Title: National Gallery Singapore - Curator's Tour - Strokes of Life: The Art of Chen Chong Swee
**Date: Fri, 8 Sep - Fri, 13 Oct 2017
**Venue: National Gallery Singapore
**Category: Seminar/Workshop
---------------------------------------------------------------------------------
**URL: https://www.sistic.com.sg/events/cngsctyk2017
**Image: https://www.sistic.com.sg/sistic/images/events/16342/1496657225572.jpg
**Title: National Gallery Singapore - Curator's Tour - YAYOI KUSAMA: Life is the Heart of a Rainbow
**Date: Thu, 13 Jul - Thu, 10 Aug 2017
**Venue: National Gallery Singapore
**Category: Lifestyle/Leisure
---------------------------------------------------------------------------------
**URL: https://www.sistic.com.sg/events/cngsfaw2017
**Image: https://www.sistic.com.sg/sistic/images/events/16186/1486630325063.jpg
**Title: National Gallery Singapore - Family Art Workshop
**Date: March - December 2017 - Second Sunday
**Venue: National Gallery Singapore
Keppel Centre for Art Education
**Category: Lifestyle/Leisure
---------------------------------------------------------------------------------
**URL: https://www.sistic.com.sg/events/cngsga2016
**Image: https://www.sistic.com.sg/sistic/images/events/15306/1447603629217.jpg
**Title: National Gallery Singapore - General Admission
**Date: Daily
**Venue: National Gallery Singapore
**Category: Lifestyle/Leisure
---------------------------------------------------------------------------------
**URL: https://www.sistic.com.sg/events/cngsmp2017
**Image: https://www.sistic.com.sg/sistic/images/events/16317/1490858027568.jpg
**Title: National Gallery Singapore - Sunday Studio: Marbled Patterns
**Date: June - September 2017 - Sundays
**Venue: National Gallery Singapore, Keppel Centre for Art Education
**Category: Lifestyle/Leisure
---------------------------------------------------------------------------------
**URL: https://www.sistic.com.sg/events/cngsyk2017
**Image: https://www.sistic.com.sg/sistic/images/events/16307/1495512044959.jpg
**Title: National Gallery Singapore - YAYOI KUSAMA: Life is the Heart of a Rainbow
**Date: Fri, 9 Jun - Sun, 3 Sep 2017
**Venue: National Gallery Singapore
Singtel Special Exhibition Gallery (City Hall Wing Level 3)
**Category: Lifestyle/Leisure
---------------------------------------------------------------------------------
**URL: https://www.sistic.com.sg/events/cshg2016a
**Image: https://www.sistic.com.sg/sistic/images/events/15741/1469790043678.jpg
**Title: National Museum of Singapore: Singapore History Gallery and Life in Singapore Galleries and Glass Rotunda
**Date: Sat, 1 Apr - Thu, 31 Aug 2017
**Venue: National Museum of Singapore, Permanent Galleries, Level 1 and 2
**Category: Lifestyle/Leisure
---------------------------------------------------------------------------------
**URL: https://www.sistic.com.sg/events/comni1617
**Image: https://www.sistic.com.sg/sistic/images/events/16046/1479787772652.jpg
**Title: Omni-Theatre - Digital Movie
**Date: Fri, 23 Jun - Mon, 31 Jul 2017
**Venue: Omni-Theatre
**Category: Film/Movies
---------------------------------------------------------------------------------
**URL: https://www.sistic.com.sg/events/paw0917
**Image: https://www.sistic.com.sg/sistic/images/events/11083/1493691201823.jpg
**Title: PAW Patrol Live! ''Race to the Rescue''
**Date: Fri, 1 - Sun, 3 Sep 2017
**Venue: Resorts World™ Theatre, Resorts World Sentosa
**Category: Family Entertainment
---------------------------------------------------------------------------------
**URL: https://www.sistic.com.sg/events/ckoko0717
**Image: https://www.sistic.com.sg/sistic/images/events/16123/1482402287287.jpg
**Title: PLAYtime! 2017   Koko the Great
**Date: Fri, 11 - Sun, 27 Aug 2017
**Venue: Esplanade Theatre Studio
**Category: Family Entertainment
---------------------------------------------------------------------------------
**URL: https://www.sistic.com.sg/events/cgreat0817
**Image: https://www.sistic.com.sg/sistic/images/events/16124/1482402240078.jpg
**Title: PLAYtime! 2017   Sensory Friendly Performance   Koko the Great
**Date: Wed, 23 - Sat, 26 Aug 2017
**Venue: Esplanade Theatre Studio
**Category: Family Entertainment
---------------------------------------------------------------------------------
**URL: https://www.sistic.com.sg/events/cbarat0717
**Image: https://www.sistic.com.sg/sistic/images/events/16474/1494320763209.jpg
**Title: Pesta Raya - Malay Festivals of Arts   Dikir Barat Workshop
**Date: Sun, 23 Jul 2017
**Venue: Esplanade Annexe Studio
**Category: Seminar/Workshop
---------------------------------------------------------------------------------
**URL: https://www.sistic.com.sg/events/cveno0717
**Image: https://www.sistic.com.sg/sistic/images/events/16470/1494320464889.jpg
**Title: Pesta Raya - Malay Festivals of Arts   Hikayat Gundik Berirama   The Venopian Solitude feat. .gif (Malaysia/Singapore)
**Date: Fri, 21 Jul 2017
**Venue: Esplanade Recital Studio
**Category: Concert
---------------------------------------------------------------------------------
**URL: https://www.sistic.com.sg/events/cella0717
**Image: https://www.sistic.com.sg/sistic/images/events/16463/1494318978942.jpg
**Title: Pesta Raya - Malay Festivals of Arts   Kembara Ratu Rock   ELLA (Malaysia)
**Date: Sat, 22 Jul 2017
**Venue: Esplanade Concert Hall
**Category: Concert
---------------------------------------------------------------------------------
**URL: https://www.sistic.com.sg/events/cmain0717
**Image: https://www.sistic.com.sg/sistic/images/events/16465/1494319934452.jpg
**Title: Pesta Raya - Malay Festivals of Arts   Main²   Teater Ekamatra (Singapore)
**Date: Thu, 20 - Sun, 23 Jul 2017
**Venue: Esplanade Theatre Studio
**Category: Concert
---------------------------------------------------------------------------------
**URL: https://www.sistic.com.sg/events/cdikir0717
**Image: https://www.sistic.com.sg/sistic/images/events/16475/1494321011407.jpg
**Title: Pesta Raya - Malay Festivals of Arts   Parent-Child Workshop (Dikir Barat)
**Date: Sat, 22 Jul 2017
**Venue: Esplanade Annexe Studio
**Category: Seminar/Workshop
---------------------------------------------------------------------------------
**URL: https://www.sistic.com.sg/events/cteduh0717
**Image: https://www.sistic.com.sg/sistic/images/events/16468/1494320196858.jpg
**Title: Pesta Raya - Malay Festivals of Arts   Payung Teduh (Indonesia)
**Date: Sat, 22 Jul 2017
**Venue: Esplanade Recital Studio
**Category: Concert
---------------------------------------------------------------------------------
**URL: https://www.sistic.com.sg/events/cjawa
**Image: https://www.sistic.com.sg/sistic/images/events/16462/1494318874211.jpg
**Title: Pesta Raya - Malay Festivals of Arts   Setan Jawa
**Date: Fri, 21 Jul 2017
**Venue: Esplanade Concert Hall
**Category: Concert
---------------------------------------------------------------------------------
**URL: https://www.sistic.com.sg/events/cpino0717
**Image: https://www.sistic.com.sg/sistic/images/events/16205/1486719393169.jpg
**Title: Pinocchio: A Whale of a Tale!
**Date: Sat, 8 - Sun, 30 Jul 2017
**Venue: The Pavilion at Far East Square
**Category: Family Entertainment
---------------------------------------------------------------------------------
**URL: https://www.sistic.com.sg/events/csunrice2017
**Image: https://www.sistic.com.sg/sistic/images/events/16019/1479177856962.jpg
**Title: Pop-Up Spice Odyssey by At-Sunrice GlobalChef Academy 2017
**Date: Fri, 6 Jan - Fri, 3 Nov 2017
**Venue: At-Sunrice GlobalChef Academy 
28 Tai Seng Street, Level 5 Singapore 534106
**Category: Seminar/Workshop
---------------------------------------------------------------------------------
**URL: https://www.sistic.com.sg/events/ctunes1117
**Image: https://www.sistic.com.sg/sistic/images/events/16572/1495772494532.jpg
**Title: Portraits of Taiwan  宝岛乐韵
**Date: Sat, 25 Nov 2017
**Venue: Singapore Chinese Cultural Centre Auditorium
**Category: Orchestra
---------------------------------------------------------------------------------
**URL: https://www.sistic.com.sg/events/clife0817
**Image: https://www.sistic.com.sg/sistic/images/events/16571/1495772704384.jpg
**Title: Portrayal of Life  戏剧人间
**Date: Sat, 26 Aug 2017
**Venue: Singapore Chinese Cultural Centre Auditorium
**Category: Orchestra
---------------------------------------------------------------------------------
**URL: https://www.sistic.com.sg/events/cprego2016
**Image: https://www.sistic.com.sg/sistic/images/events/16022/1479350051417.jpg
**Title: Prego Restaurant 4 course dinner set menu - Online Exclusive
**Date: 1 June 2017 - 31 July 2017
**Venue: Prego Restaurant, Fairmont Hotel, Singapore
**Category: Food &amp; Beverage
---------------------------------------------------------------------------------
**URL: https://www.sistic.com.sg/events/cpiano0917
**Image: https://www.sistic.com.sg/sistic/images/events/16597/1497422620664.jpg
**Title: Quintet-ssential British by Take 5 Piano Quintet In Collaboration with Esplanade - Theatres On The Bay
**Date: Sun, 10 Sep 2017
**Venue: Esplanade Recital Studio
**Category: Concert
---------------------------------------------------------------------------------
**URL: https://www.sistic.com.sg/events/crichie0817
**Image: https://www.sistic.com.sg/sistic/images/events/16507/1495013000497.jpg
**Title: RICHIE KOTZEN Live in Singapore
**Date: Mon, 21 Aug 2017
**Venue: Esplanade Annexe Studio
**Category: Concert
---------------------------------------------------------------------------------
**URL: https://www.sistic.com.sg/events/cavant0717
**Image: https://www.sistic.com.sg/sistic/images/events/16542/1495433626435.jpg
**Title: Raga   Parasu: A Dramatised Reading   by Avant Theatre
**Date: Sun, 16 Jul 2017
**Venue: Esplanade Theatre Studio
**Category: Theatre
---------------------------------------------------------------------------------
**URL: https://www.sistic.com.sg/events/crasa0817
**Image: https://www.sistic.com.sg/sistic/images/events/16320/1490694543930.jpg
**Title: Raga   Rasanubhava: Musical expressions of Swathi Thirunal and Balamuralikrishna   by Bhaskar's Arts Academy
**Date: Sat, 19 Aug 2017
**Venue: Esplanade Recital Studio
**Category: Concert
---------------------------------------------------------------------------------
**URL: https://www.sistic.com.sg/events/crudram0717
**Image: https://www.sistic.com.sg/sistic/images/events/16318/1490694617763.jpg
**Title: Raga   Rudram   by Neewin Hershall
**Date: Fri, 28 - Sat, 29 Jul 2017
**Venue: Esplanade Theatre Studio
**Category: Dance
---------------------------------------------------------------------------------
**URL: https://www.sistic.com.sg/events/cshiv0917
**Image: https://www.sistic.com.sg/sistic/images/events/16319/1490694680093.jpg
**Title: Raga   Shivdasi Chauladevi   by Minal Merai
**Date: Fri, 1 - Sat, 2 Sep 2017
**Venue: Esplanade Theatre Studio
**Category: Dance
---------------------------------------------------------------------------------
**URL: https://www.sistic.com.sg/events/cred0917
**Image: https://www.sistic.com.sg/sistic/images/events/16224/1487733491204.jpg
**Title: Red Riding Hood 小红帽 (Mandarin)
**Date: Thu, 20 Jul - Fri, 1 Sep 2017
**Venue: KC Arts Centre - Home of SRT
**Category: Theatre
---------------------------------------------------------------------------------
**URL: https://www.sistic.com.sg/events/richard0817
**Image: https://www.sistic.com.sg/sistic/images/events/11161/1496650526823.jpg
**Title: Richard Clayderman  40th Anniversary Tour
**Date: Sun, 27 Aug 2017
**Venue: Resorts World™ Theatre, Resorts World Sentosa
**Category: Concert
---------------------------------------------------------------------------------
**URL: https://www.sistic.com.sg/events/sea0314
**Image: https://www.sistic.com.sg/sistic/images/events/7961/1472711484687.jpg
**Title: S.E.A. Aquarium
**Date: Valid till 12 July 2017
**Venue: Resorts World Sentosa
**Category: Lifestyle/Leisure
---------------------------------------------------------------------------------
**URL: https://www.sistic.com.sg/events/csicf0717
**Image: https://www.sistic.com.sg/sistic/images/events/16590/1497432002617.jpg
**Title: SICF Grand Prix Concert
**Date: Sat, 15 Jul 2017
**Venue: Esplanade Concert Hall
**Category: Concert
---------------------------------------------------------------------------------
**URL: https://www.sistic.com.sg/events/sifa2017l
**Image: https://www.sistic.com.sg/sistic/images/events/11112/1492057544035.jpg
**Title: SINGAPORE INTERNATIONAL FESTIVAL OF ARTS 2017 An Evening With Kronos Quartet
**Date: Sat, 2 Sep 2017
**Venue: Drama Centre Theatre
**Category: Musical
---------------------------------------------------------------------------------
**URL: https://www.sistic.com.sg/events/sifa2017n
**Image: https://www.sistic.com.sg/sistic/images/events/11114/1492498129073.jpg
**Title: SINGAPORE INTERNATIONAL FESTIVAL OF ARTS 2017 And so you can see ...   our honourable blue sky and ever  enduring sun ...   can only be consumed slice by slice... [Asia-Pacific Premiere]
**Date: Wed, 6 - Sat, 9 Sep 2017
**Venue: SOTA Studio Theatre
**Category: Dance
---------------------------------------------------------------------------------
**URL: https://www.sistic.com.sg/events/sifa2017a
**Image: https://www.sistic.com.sg/sistic/images/events/11101/1492057218049.jpg
**Title: SINGAPORE INTERNATIONAL FESTIVAL OF ARTS 2017 Art Studio 画室 [Creation]
**Date: Thu, 17 - Sat, 19 Aug 2017
**Venue: Victoria Theatre
**Category: Theatre
---------------------------------------------------------------------------------
**URL: https://www.sistic.com.sg/events/sifa2017b
**Image: https://www.sistic.com.sg/sistic/images/events/11102/1492057298081.jpg
**Title: SINGAPORE INTERNATIONAL FESTIVAL OF ARTS 2017 Becoming Graphic [Creation]
**Date: Thu, 17 - Sun, 20 Aug 2017
**Venue: 72-13
**Category: Theatre
---------------------------------------------------------------------------------
**URL: https://www.sistic.com.sg/events/sifa2017e
**Image: https://www.sistic.com.sg/sistic/images/events/11105/1492064177574.jpg
**Title: SINGAPORE INTERNATIONAL FESTIVAL OF ARTS 2017 Dragonflies [Creation]
**Date: Thu, 24 - Sat, 26 Aug 2017
**Venue: Victoria Theatre
**Category: Theatre
---------------------------------------------------------------------------------
**URL: https://www.sistic.com.sg/events/sifa2017i
**Image: https://www.sistic.com.sg/sistic/images/events/11109/1492064416358.jpg
**Title: SINGAPORE INTERNATIONAL FESTIVAL OF ARTS 2017 Germinal [Asia-Pacific Premiere]
**Date: Thu, 31 Aug - Sat, 2 Sep 2017
**Venue: SOTA Drama Theatre
**Category: Theatre
---------------------------------------------------------------------------------
**URL: https://www.sistic.com.sg/events/sifa2017j
**Image: https://www.sistic.com.sg/sistic/images/events/11110/1492064480913.jpg
**Title: SINGAPORE INTERNATIONAL FESTIVAL OF ARTS 2017 Guilty Landscapes III [Asia-Pacific Premiere]
**Date: Thu, 31 Aug - Sat, 9 Sep 2017
**Venue: 72-13
**Category: Theatre
---------------------------------------------------------------------------------
**URL: https://www.sistic.com.sg/events/sifa2017g
**Image: https://www.sistic.com.sg/sistic/images/events/11107/1492498083800.jpg
**Title: SINGAPORE INTERNATIONAL FESTIVAL OF ARTS 2017 Henrico's Farm (Ang Saka Ni Henrico) [Creation]
**Date: Sat, 26 Aug - Wed, 6 Sep 2017
**Venue: Various Locations 
(Meet at 72-13)
**Category: Seminar/Workshop
---------------------------------------------------------------------------------
**URL: https://www.sistic.com.sg/events/sifa2017f
**Image: https://www.sistic.com.sg/sistic/images/events/11106/1492064235856.jpg
**Title: SINGAPORE INTERNATIONAL FESTIVAL OF ARTS 2017 Le Syndrome Ian [Asia-Pacific Premiere]
**Date: Thu, 24 - Sat, 26 Aug 2017
**Venue: SOTA Drama Theatre
**Category: Dance
---------------------------------------------------------------------------------
**URL: https://www.sistic.com.sg/events/sifa2017k
**Image: https://www.sistic.com.sg/sistic/images/events/11111/1492064561934.jpg
**Title: SINGAPORE INTERNATIONAL FESTIVAL OF ARTS 2017 My Lai [Asia-Pacific Premiere]
**Date: Thu, 31 Aug - Fri, 1 Sep 2017
**Venue: Drama Centre Theatre
**Category: Theatre
---------------------------------------------------------------------------------
**URL: https://www.sistic.com.sg/events/sifa2017c
**Image: https://www.sistic.com.sg/sistic/images/events/11103/1492498029764.jpg
**Title: SINGAPORE INTERNATIONAL FESTIVAL OF ARTS 2017 Open Homes [Creation]
**Date: Sat 5, Sun 6, Sat 12, Sun 13, Sat 19, Sun 20 Aug,
**Venue: Various Locations
**Category: Theatre
---------------------------------------------------------------------------------
**URL: https://www.sistic.com.sg/events/sifa2017p
**Image: https://www.sistic.com.sg/sistic/images/events/11116/1492057911129.jpg
**Title: SINGAPORE INTERNATIONAL FESTIVAL OF ARTS 2017 Red Carpet Gala: Lizard on the Wall,The Film
**Date: Sun, 10 Sep 2017
**Venue: The Projector
**Category: Film/Movies
---------------------------------------------------------------------------------
**URL: https://www.sistic.com.sg/events/sifa2017d
**Image: https://www.sistic.com.sg/sistic/images/events/11104/1492057397283.jpg
**Title: SINGAPORE INTERNATIONAL FESTIVAL OF ARTS 2017 The Making of Enchanted Moments
**Date: Thu, 24 Aug - Sat, 9 Sep 2017
**Venue: The Projector
**Category: Seminar/Workshop
---------------------------------------------------------------------------------
**URL: https://www.sistic.com.sg/events/sifa2017h
**Image: https://www.sistic.com.sg/sistic/images/events/11108/1492064363701.jpg
**Title: SINGAPORE INTERNATIONAL FESTIVAL OF ARTS 2017 The Nature Museum: Performance [Creation]
**Date: 31 Aug, 1,2,5,6,7 Sep 2017
**Venue: 72-13
**Category: MICE
---------------------------------------------------------------------------------
**URL: https://www.sistic.com.sg/events/sifa2017o
**Image: https://www.sistic.com.sg/sistic/images/events/11115/1492057729892.jpg
**Title: SINGAPORE INTERNATIONAL FESTIVAL OF ARTS 2017 Trojan Women [Creation]
**Date: Thu, 7 - Sat, 9 Sep 2017
**Venue: Victoria Theatre
**Category: Theatre
---------------------------------------------------------------------------------
**URL: https://www.sistic.com.sg/events/sifa2017m
**Image: https://www.sistic.com.sg/sistic/images/events/11113/1492057610380.jpg
**Title: SINGAPORE INTERNATIONAL FESTIVAL OF ARTS 2017 Vegetative State [Asia-Pacific Premiere]
**Date: Fri, 1 - Mon, 4 Sep 2017
**Venue: SOTA Studio Theatre
**Category: Theatre
---------------------------------------------------------------------------------
**URL: https://www.sistic.com.sg/events/cyouth0717
**Image: https://www.sistic.com.sg/sistic/images/events/16568/1495772258553.jpg
**Title: SNYCO Annual Concert: Exuberance of Youth II   新加坡国家青年华乐团年度音乐会: 青春乐烁（二）
**Date: Sat, 22 Jul 2017
**Venue: Singapore Chinese Cultural Centre Auditorium
**Category: Orchestra
---------------------------------------------------------------------------------
**URL: https://www.sistic.com.sg/events/cchamber1708121930
**Image: https://www.sistic.com.sg/sistic/images/events/16508/1495531276974.jpg
**Title: SSO CHAMBER SERIES: FOR THE EMPEROR
**Date: Fri, 11 - Sat, 12 Aug 2017
**Venue: Victoria Concert Hall
**Category: Orchestra
---------------------------------------------------------------------------------
**URL: https://www.sistic.com.sg/events/cchamber1709101600
**Image: https://www.sistic.com.sg/sistic/images/events/16509/1495530295697.jpg
**Title: SSO CHAMBER SERIES: FRENCH FLAVOURS
**Date: Sun, 10 Sep 2017
**Venue: Victoria Concert Hall
**Category: Orchestra
---------------------------------------------------------------------------------
**URL: https://www.sistic.com.sg/events/cxmas1712171600
**Image: https://www.sistic.com.sg/sistic/images/events/16445/1494611582466.jpg
**Title: SSO CHRISTMAS CONCERT
**Date: Fri, 15 - Sun, 17 Dec 2017
**Venue: Victoria Concert Hall
**Category: Orchestra
---------------------------------------------------------------------------------
**URL: https://www.sistic.com.sg/events/cchild1711051400
**Image: https://www.sistic.com.sg/sistic/images/events/16548/1495509064235.jpg
**Title: SSO CONCERTS FOR CHILDREN: NATURE TALES
**Date: Sat, 4 - Sun, 5 Nov 2017
**Venue: Victoria Concert Hall
**Category: Orchestra
---------------------------------------------------------------------------------
**URL: https://www.sistic.com.sg/events/cchild1709031400
**Image: https://www.sistic.com.sg/sistic/images/events/16546/1495508444802.jpg
**Title: SSO CONCERTS FOR CHILDREN: PETER AND THE WOLF
**Date: Sat, 2 - Sun, 3 Sep 2017
**Venue: Victoria Concert Hall
**Category: Orchestra
---------------------------------------------------------------------------------
**URL: https://www.sistic.com.sg/events/cdiscover1709241600
**Image: https://www.sistic.com.sg/sistic/images/events/16549/1495509635403.jpg
**Title: SSO DISCOVERING MUSIC!: GO FOURTH WITH BRAHMS!
**Date: Sun, 24 Sep 2017
**Venue: Victoria Concert Hall
**Category: Orchestra
---------------------------------------------------------------------------------
**URL: https://www.sistic.com.sg/events/cgala1710191930
**Image: https://www.sistic.com.sg/sistic/images/events/16457/1494610661768.jpg
**Title: SSO GALA:  JANINE JANSEN
**Date: Thu, 19 Oct 2017
**Venue: Esplanade Concert Hall
**Category: Orchestra
---------------------------------------------------------------------------------
**URL: https://www.sistic.com.sg/events/cgala1711301930
**Image: https://www.sistic.com.sg/sistic/images/events/16499/1494611122609.jpg
**Title: SSO GALA:  LANG LANG
**Date: Thu, 30 Nov 2017
**Venue: Esplanade Concert Hall
**Category: Orchestra
---------------------------------------------------------------------------------
**URL: https://www.sistic.com.sg/events/cgala1711291930
**Image: https://www.sistic.com.sg/sistic/images/events/16496/1494611067798.jpg
**Title: SSO GALA:  LANG LANG IN RECITAL
**Date: Wed, 29 Nov 2017
**Venue: Esplanade Concert Hall
**Category: Orchestra
---------------------------------------------------------------------------------
**URL: https://www.sistic.com.sg/events/cgala1711011930
**Image: https://www.sistic.com.sg/sistic/images/events/16494/1494610883947.jpg
**Title: SSO GALA: DIANA DAMRAU
**Date: Wed, 1 Nov 2017
**Venue: Esplanade Concert Hall
**Category: Orchestra
---------------------------------------------------------------------------------
**URL: https://www.sistic.com.sg/events/cpop1708311930
**Image: https://www.sistic.com.sg/sistic/images/events/16456/1494611478861.jpg
**Title: SSO POPS CONCERT: A NIGHT AT THE MOVIES
**Date: Thu, 31 Aug 2017
**Venue: Esplanade Concert Hall
**Category: Orchestra
---------------------------------------------------------------------------------
**URL: https://www.sistic.com.sg/events/csub1711101930
**Image: https://www.sistic.com.sg/sistic/images/events/16481/1494608935699.jpg
**Title: SSO SUBSCRIPTION CONCERT: BEETHOVEN TRIPLE CONCERTO IN C
**Date: Fri, 10 Nov 2017
**Venue: Esplanade Concert Hall
**Category: Orchestra
---------------------------------------------------------------------------------
**URL: https://www.sistic.com.sg/events/csub1707141930
**Image: https://www.sistic.com.sg/sistic/images/events/16464/1494607384543.jpg
**Title: SSO SUBSCRIPTION CONCERT: CHOPIN PIANO CONCERTO 2 • POEM OF ECSTASY
**Date: Fri, 14 Jul 2017
**Venue: Esplanade Concert Hall
**Category: Orchestra
---------------------------------------------------------------------------------
**URL: https://www.sistic.com.sg/events/csub1708251930
**Image: https://www.sistic.com.sg/sistic/images/events/16467/1494607685053.jpg
**Title: SSO SUBSCRIPTION CONCERT: EMPEROR AND PATHÉTIQUE
**Date: Fri, 25 Aug 2017
**Venue: Esplanade Concert Hall
**Category: Orchestra
---------------------------------------------------------------------------------
**URL: https://www.sistic.com.sg/events/csub1712071930
**Image: https://www.sistic.com.sg/sistic/images/events/16483/1494609208619.jpg
**Title: SSO SUBSCRIPTION CONCERT: FINLAND 100
**Date: Thu, 7 Dec 2017
**Venue: Esplanade Concert Hall
**Category: Orchestra
---------------------------------------------------------------------------------
**URL: https://www.sistic.com.sg/events/csub1707071930
**Image: https://www.sistic.com.sg/sistic/images/events/16416/1494607050903.jpg
**Title: SSO SUBSCRIPTION CONCERT: GIL SHAHAM • BRAHMS SYMPHONIES
**Date: Fri, 7 Jul 2017
**Venue: Esplanade Concert Hall
**Category: Orchestra
---------------------------------------------------------------------------------
**URL: https://www.sistic.com.sg/events/csub1709081930
**Image: https://www.sistic.com.sg/sistic/images/events/16469/1494607804146.jpg
**Title: SSO SUBSCRIPTION CONCERT: LITTON • BAVOUZET
**Date: Fri, 8 Sep 2017
**Venue: Esplanade Concert Hall
**Category: Orchestra
---------------------------------------------------------------------------------
**URL: https://www.sistic.com.sg/events/csub1707281930
**Image: https://www.sistic.com.sg/sistic/images/events/16461/1494607451485.jpg
**Title: SSO SUBSCRIPTION CONCERT: MENDELSSOHN PIANO CONCERTO 1 • BRAHMS SYMPHONIES
**Date: Fri, 28 Jul 2017
**Venue: Esplanade Concert Hall
**Category: Orchestra
---------------------------------------------------------------------------------
**URL: https://www.sistic.com.sg/events/csub1709221930
**Image: https://www.sistic.com.sg/sistic/images/events/16471/1494607927917.jpg
**Title: SSO SUBSCRIPTION CONCERT: MENDELSSOHN VIOLIN CONCERTO • BRAHMS SYMPHONIES
**Date: Fri, 22 Sep 2017
**Venue: Esplanade Concert Hall
**Category: Orchestra
---------------------------------------------------------------------------------
**URL: https://www.sistic.com.sg/events/csub1709291930
**Image: https://www.sistic.com.sg/sistic/images/events/16472/1494608075546.jpg
**Title: SSO SUBSCRIPTION CONCERT: PRESIDENT'S YOUNG PERFORMERS CONCERT
**Date: Fri, 29 Sep 2017
**Venue: Victoria Concert Hall
**Category: Orchestra
---------------------------------------------------------------------------------
**URL: https://www.sistic.com.sg/events/csub1711171930
**Image: https://www.sistic.com.sg/sistic/images/events/16482/1494609062486.jpg
**Title: SSO SUBSCRIPTION CONCERT: SONG OF DESTINY • BRAHMS SYMPHONIES
**Date: Fri, 17 Nov 2017
**Venue: Esplanade Concert Hall
**Category: Orchestra
---------------------------------------------------------------------------------
**URL: https://www.sistic.com.sg/events/csub1710141930
**Image: https://www.sistic.com.sg/sistic/images/events/16479/1494608310407.jpg
**Title: SSO SUBSCRIPTION CONCERT: STEPHEN HOUGH • RACHMANINOV PIANO CONCERTO 1
**Date: Sat, 14 Oct 2017
**Venue: Esplanade Concert Hall
**Category: Orchestra
---------------------------------------------------------------------------------
**URL: https://www.sistic.com.sg/events/csub1710051930
**Image: https://www.sistic.com.sg/sistic/images/events/16478/1494608200660.jpg
**Title: SSO SUBSCRIPTION CONCERT: STEVEN ISSERLIS • ELGAR CELLO CONCERTO
**Date: Thu, 5 Oct 2017
**Venue: Esplanade Concert Hall
**Category: Orchestra
---------------------------------------------------------------------------------
**URL: https://www.sistic.com.sg/events/csub1710271930
**Image: https://www.sistic.com.sg/sistic/images/events/16480/1494608734467.jpg
**Title: SSO SUBSCRIPTION CONCERT: THE RING – AN ORCHESTRAL ADVENTURE
**Date: Fri, 27 Oct 2017
**Venue: Esplanade Concert Hall
**Category: Orchestra
---------------------------------------------------------------------------------
**URL: https://www.sistic.com.sg/events/csub1708191930
**Image: https://www.sistic.com.sg/sistic/images/events/16466/1494607594098.jpg
**Title: SSO SUBSCRIPTION CONCERT: WHEN IN ROME
**Date: Sat, 19 Aug 2017
**Venue: Esplanade Concert Hall
**Category: Orchestra
---------------------------------------------------------------------------------
**URL: https://www.sistic.com.sg/events/csachiyo0717
**Image: https://www.sistic.com.sg/sistic/images/events/16440/1495674875194.jpg
**Title: Sachiyo - The Journey Concert
**Date: Sat, 29 Jul 2017
**Venue: Esplanade Recital Studio
**Category: Concert
---------------------------------------------------------------------------------
**URL: https://www.sistic.com.sg/events/skypark2011
**Image: https://www.sistic.com.sg/sistic/images/events/4704/1378818549463.jpg
**Title: Sands SkyPark Observation Deck
**Date: Daily
**Venue: Sands SkyPark
**Category: Lifestyle/Leisure
---------------------------------------------------------------------------------
**URL: https://www.sistic.com.sg/events/cflies0117
**Image: https://www.sistic.com.sg/sistic/images/events/16044/1479901562257.jpg
**Title: Science Centre &amp; Butterflies Up-Close Package
**Date: Wed, 21 Jun - Mon, 31 Jul 2017
**Venue: Science Centre Singapore
**Category: Lifestyle/Leisure
---------------------------------------------------------------------------------
**URL: https://www.sistic.com.sg/events/sentosa2014
**Image: https://www.sistic.com.sg/sistic/images/events/15014/1404982563764.jpg
**Title: Sentosa 4D AdventureLand
**Date: 60 days validity from date of purchase
**Venue: IMBIAH LOOKOUT, Sentosa
**Category: Lifestyle/Leisure
---------------------------------------------------------------------------------
**URL: https://www.sistic.com.sg/events/csegway2017
**Image: https://www.sistic.com.sg/sistic/images/events/16047/1482400873907.jpg
**Title: Sentosa Segway® Eco Adventure 2017
**Date: Tue, 28 Feb - Fri, 30 Jun 2017
**Venue: Gogreen Segway® Eco Adventure, Beach Station, Sentosa
**Category: Lifestyle/Leisure
---------------------------------------------------------------------------------
**URL: https://www.sistic.com.sg/events/show0817
**Image: https://www.sistic.com.sg/sistic/images/events/11134/1494316135971.jpg
**Title: Show Luo 2017 Crazy World Tour Concert  罗志祥《Crazy World 疯狂世界》  世界巡回演唱会  新加坡站
**Date: Sat, 12 Aug 2017
**Venue: Resorts World Ballroom, Resorts World Convention Centre®
**Category: Concert
---------------------------------------------------------------------------------
**URL: https://www.sistic.com.sg/events/csilk0917
**Image: https://www.sistic.com.sg/sistic/images/events/16596/1497435134189.jpg
**Title: Silk Road Extravaganza  丝路高歌音乐会
**Date: Sat, 23 Sep 2017
**Venue: Esplanade Concert Hall
**Category: Orchestra
---------------------------------------------------------------------------------
**URL: https://www.sistic.com.sg/events/csam0216
**Image: https://www.sistic.com.sg/sistic/images/events/15465/1456794483392.jpg
**Title: Singapore Art Museum Contemporary Art Exhibitions
**Date: Tue, 9 May - Sun, 27 Aug 2017
**Venue: SAM at 8Q, 8 Queen St
**Category: Lifestyle/Leisure
---------------------------------------------------------------------------------
**URL: https://www.sistic.com.sg/events/csnowcity1617
**Image: https://www.sistic.com.sg/sistic/images/events/16043/1479803141147.jpg
**Title: Snow City Singapore
**Date: Wed, 21 Jun - Mon, 31 Jul 2017
**Venue: Snow City Singapore
**Category: Lifestyle/Leisure
---------------------------------------------------------------------------------
**URL: https://www.sistic.com.sg/events/cpop0717
**Image: https://www.sistic.com.sg/sistic/images/events/16561/1497405554936.jpg
**Title: Songs of the Sunny Island by Singapore Wind Symphony  Featuring Nathan Hartono and Joanna Dong  In collaboration with Esplanade – Theatres on the Bay
**Date: Sun, 16 Jul 2017
**Venue: Esplanade Concert Hall
**Category: Concert
---------------------------------------------------------------------------------
**URL: https://www.sistic.com.sg/events/songs0717
**Image: https://www.sistic.com.sg/sistic/images/events/11127/1493116744316.jpg
**Title: Songs that Keep Us Together 10 走过岁月的歌10
**Date: Sat, 15 Jul 2017
**Venue: Resorts World Ballroom, Resorts World Convention Centre®
**Category: Concert
---------------------------------------------------------------------------------
**URL: https://www.sistic.com.sg/events/csundown0817
**Image: https://www.sistic.com.sg/sistic/images/events/16605/1498531373496.jpg
**Title: Sundown Festival 2017
**Date: Sat, 5 Aug 2017
**Venue: City Beach Resort, Labrador Park
**Category: Concert
---------------------------------------------------------------------------------
**URL: https://www.sistic.com.sg/events/sungha0717
**Image: https://www.sistic.com.sg/sistic/images/events/16306/1491566657338.jpg
**Title: Sungha Jung Live in Singapore 2017
**Date: Sat, 22 Jul 2017
**Venue: Kallang Theatre
**Category: Concert
---------------------------------------------------------------------------------
